<?xml version="1.0" encoding="UTF-8"?>
<testsuite xmlns:xsi="http://www.w3.org/2001/XMLSchema-instance" xsi:noNamespaceSchemaLocation="https://maven.apache.org/surefire/maven-surefire-plugin/xsd/surefire-test-report-3.0.xsd" version="3.0" name="TestSuite" time="12.19" tests="2" errors="0" skipped="0" failures="1">
  <properties>
    <property name="sun.desktop" value="windows"/>
    <property name="awt.toolkit" value="sun.awt.windows.WToolkit"/>
    <property name="file.encoding.pkg" value="sun.io"/>
    <property name="java.specification.version" value="1.8"/>
    <property name="sun.cpu.isalist" value="amd64"/>
    <property name="sun.jnu.encoding" value="Cp1252"/>
    <property name="java.class.path" value="C:\Rakesh\Personal\Courses\Eclipse workspace\DataDrivenFramework\target\test-classes;C:\Rakesh\Personal\Courses\Eclipse workspace\DataDrivenFramework\target\classes;C:\Users\rakesh.kumar\.m2\repository\org\seleniumhq\selenium\selenium-java\2.53.1\selenium-java-2.53.1.jar;C:\Users\rakesh.kumar\.m2\repository\org\seleniumhq\selenium\selenium-chrome-driver\2.53.1\selenium-chrome-driver-2.53.1.jar;C:\Users\rakesh.kumar\.m2\repository\org\seleniumhq\selenium\selenium-remote-driver\2.53.1\selenium-remote-driver-2.53.1.jar;C:\Users\rakesh.kumar\.m2\repository\cglib\cglib-nodep\2.1_3\cglib-nodep-2.1_3.jar;C:\Users\rakesh.kumar\.m2\repository\com\google\code\gson\gson\2.3.1\gson-2.3.1.jar;C:\Users\rakesh.kumar\.m2\repository\org\seleniumhq\selenium\selenium-api\2.53.1\selenium-api-2.53.1.jar;C:\Users\rakesh.kumar\.m2\repository\org\apache\httpcomponents\httpclient\4.5.1\httpclient-4.5.1.jar;C:\Users\rakesh.kumar\.m2\repository\org\apache\httpcomponents\httpcore\4.4.3\httpcore-4.4.3.jar;C:\Users\rakesh.kumar\.m2\repository\org\seleniumhq\selenium\selenium-edge-driver\2.53.1\selenium-edge-driver-2.53.1.jar;C:\Users\rakesh.kumar\.m2\repository\commons-io\commons-io\2.4\commons-io-2.4.jar;C:\Users\rakesh.kumar\.m2\repository\org\apache\commons\commons-exec\1.3\commons-exec-1.3.jar;C:\Users\rakesh.kumar\.m2\repository\org\seleniumhq\selenium\htmlunit-driver\2.21\htmlunit-driver-2.21.jar;C:\Users\rakesh.kumar\.m2\repository\net\sourceforge\htmlunit\htmlunit\2.21\htmlunit-2.21.jar;C:\Users\rakesh.kumar\.m2\repository\xalan\xalan\2.7.2\xalan-2.7.2.jar;C:\Users\rakesh.kumar\.m2\repository\xalan\serializer\2.7.2\serializer-2.7.2.jar;C:\Users\rakesh.kumar\.m2\repository\org\apache\commons\commons-lang3\3.4\commons-lang3-3.4.jar;C:\Users\rakesh.kumar\.m2\repository\org\apache\httpcomponents\httpmime\4.5.2\httpmime-4.5.2.jar;C:\Users\rakesh.kumar\.m2\repository\commons-codec\commons-codec\1.10\commons-codec-1.10.jar;C:\Users\rakesh.kumar\.m2\repository\net\sourceforge\htmlunit\htmlunit-core-js\2.17\htmlunit-core-js-2.17.jar;C:\Users\rakesh.kumar\.m2\repository\net\sourceforge\htmlunit\neko-htmlunit\2.21\neko-htmlunit-2.21.jar;C:\Users\rakesh.kumar\.m2\repository\xerces\xercesImpl\2.11.0\xercesImpl-2.11.0.jar;C:\Users\rakesh.kumar\.m2\repository\xml-apis\xml-apis\1.4.01\xml-apis-1.4.01.jar;C:\Users\rakesh.kumar\.m2\repository\net\sourceforge\cssparser\cssparser\0.9.18\cssparser-0.9.18.jar;C:\Users\rakesh.kumar\.m2\repository\org\w3c\css\sac\1.3\sac-1.3.jar;C:\Users\rakesh.kumar\.m2\repository\org\eclipse\jetty\websocket\websocket-client\9.2.15.v20160210\websocket-client-9.2.15.v20160210.jar;C:\Users\rakesh.kumar\.m2\repository\org\eclipse\jetty\jetty-util\9.2.15.v20160210\jetty-util-9.2.15.v20160210.jar;C:\Users\rakesh.kumar\.m2\repository\org\eclipse\jetty\jetty-io\9.2.15.v20160210\jetty-io-9.2.15.v20160210.jar;C:\Users\rakesh.kumar\.m2\repository\org\eclipse\jetty\websocket\websocket-common\9.2.15.v20160210\websocket-common-9.2.15.v20160210.jar;C:\Users\rakesh.kumar\.m2\repository\org\eclipse\jetty\websocket\websocket-api\9.2.15.v20160210\websocket-api-9.2.15.v20160210.jar;C:\Users\rakesh.kumar\.m2\repository\commons-collections\commons-collections\3.2.2\commons-collections-3.2.2.jar;C:\Users\rakesh.kumar\.m2\repository\org\seleniumhq\selenium\selenium-firefox-driver\2.53.1\selenium-firefox-driver-2.53.1.jar;C:\Users\rakesh.kumar\.m2\repository\org\seleniumhq\selenium\selenium-ie-driver\2.53.1\selenium-ie-driver-2.53.1.jar;C:\Users\rakesh.kumar\.m2\repository\net\java\dev\jna\jna\4.1.0\jna-4.1.0.jar;C:\Users\rakesh.kumar\.m2\repository\net\java\dev\jna\jna-platform\4.1.0\jna-platform-4.1.0.jar;C:\Users\rakesh.kumar\.m2\repository\org\seleniumhq\selenium\selenium-safari-driver\2.53.1\selenium-safari-driver-2.53.1.jar;C:\Users\rakesh.kumar\.m2\repository\io\netty\netty\3.5.7.Final\netty-3.5.7.Final.jar;C:\Users\rakesh.kumar\.m2\repository\org\seleniumhq\selenium\selenium-support\2.53.1\selenium-support-2.53.1.jar;C:\Users\rakesh.kumar\.m2\repository\org\seleniumhq\selenium\selenium-leg-rc\2.53.1\selenium-leg-rc-2.53.1.jar;C:\Users\rakesh.kumar\.m2\repository\org\testng\testng\6.11\testng-6.11.jar;C:\Users\rakesh.kumar\.m2\repository\com\beust\jcommander\1.64\jcommander-1.64.jar;C:\Users\rakesh.kumar\.m2\repository\org\yaml\snakeyaml\1.17\snakeyaml-1.17.jar;C:\Users\rakesh.kumar\.m2\repository\com\relevantcodes\extentreports\2.41.2\extentreports-2.41.2.jar;C:\Users\rakesh.kumar\.m2\repository\org\jsoup\jsoup\1.8.3\jsoup-1.8.3.jar;C:\Users\rakesh.kumar\.m2\repository\org\xerial\sqlite-jdbc\3.8.11.1\sqlite-jdbc-3.8.11.1.jar;C:\Users\rakesh.kumar\.m2\repository\org\freemarker\freemarker\2.3.23\freemarker-2.3.23.jar;C:\Users\rakesh.kumar\.m2\repository\org\mongodb\mongodb-driver\3.0.4\mongodb-driver-3.0.4.jar;C:\Users\rakesh.kumar\.m2\repository\org\mongodb\bson\3.0.4\bson-3.0.4.jar;C:\Users\rakesh.kumar\.m2\repository\org\mongodb\mongodb-driver-core\3.0.4\mongodb-driver-core-3.0.4.jar;C:\Users\rakesh.kumar\.m2\repository\org\uncommons\reportng\1.1.4\reportng-1.1.4.jar;C:\Users\rakesh.kumar\.m2\repository\velocity\velocity\1.4\velocity-1.4.jar;C:\Users\rakesh.kumar\.m2\repository\velocity\velocity-dep\1.4\velocity-dep-1.4.jar;C:\Users\rakesh.kumar\.m2\repository\com\google\inject\guice\4.0\guice-4.0.jar;C:\Users\rakesh.kumar\.m2\repository\javax\inject\javax.inject\1\javax.inject-1.jar;C:\Users\rakesh.kumar\.m2\repository\aopalliance\aopalliance\1.0\aopalliance-1.0.jar;C:\Users\rakesh.kumar\.m2\repository\com\google\guava\guava\16.0.1\guava-16.0.1.jar;C:\Users\rakesh.kumar\.m2\repository\log4j\log4j\1.2.17\log4j-1.2.17.jar;C:\Users\rakesh.kumar\.m2\repository\javax\mail\mail\1.4.7\mail-1.4.7.jar;C:\Users\rakesh.kumar\.m2\repository\javax\activation\activation\1.1\activation-1.1.jar;C:\Users\rakesh.kumar\.m2\repository\mysql\mysql-connector-java\6.0.5\mysql-connector-java-6.0.5.jar;C:\Users\rakesh.kumar\.m2\repository\org\apache\poi\poi\3.6\poi-3.6.jar;C:\Users\rakesh.kumar\.m2\repository\commons-logging\commons-logging\1.1\commons-logging-1.1.jar;C:\Users\rakesh.kumar\.m2\repository\logkit\logkit\1.0.1\logkit-1.0.1.jar;C:\Users\rakesh.kumar\.m2\repository\avalon-framework\avalon-framework\4.1.3\avalon-framework-4.1.3.jar;C:\Users\rakesh.kumar\.m2\repository\javax\servlet\servlet-api\2.3\servlet-api-2.3.jar;C:\Users\rakesh.kumar\.m2\repository\org\apache\poi\poi-ooxml\3.6\poi-ooxml-3.6.jar;C:\Users\rakesh.kumar\.m2\repository\dom4j\dom4j\1.1\dom4j-1.1.jar;C:\Users\rakesh.kumar\.m2\repository\org\apache\xmlbeans\xmlbeans\2.3.0\xmlbeans-2.3.0.jar;C:\Users\rakesh.kumar\.m2\repository\stax\stax-api\1.0.1\stax-api-1.0.1.jar;C:\Users\rakesh.kumar\.m2\repository\org\apache\poi\poi-ooxml-schemas\3.6\poi-ooxml-schemas-3.6.jar;C:\Users\rakesh.kumar\.m2\repository\org\apache\geronimo\specs\geronimo-stax-api_1.0_spec\1.0\geronimo-stax-api_1.0_spec-1.0.jar;"/>
    <property name="java.vm.vendor" value="Oracle Corporation"/>
    <property name="sun.arch.data.model" value="64"/>
    <property name="user.variant" value=""/>
    <property name="java.vendor.url" value="http://java.oracle.com/"/>
    <property name="user.timezone" value="America/Mexico_City"/>
    <property name="java.vm.specification.version" value="1.8"/>
    <property name="os.name" value="Windows 10"/>
    <property name="user.country" value="US"/>
    <property name="sun.java.launcher" value="SUN_STANDARD"/>
    <property name="sun.boot.library.path" value="C:\Program Files\Java\jdk1.8.0_191\jre\bin"/>
    <property name="sun.java.command" value="C:\Users\rakesh.kumar\AppData\Local\Temp\surefire7794843019589180820\surefirebooter1217570840381955233.jar C:\Users\rakesh.kumar\AppData\Local\Temp\surefire7794843019589180820 2019-04-21T18-07-44_766-jvmRun1 surefire4802251137986740789tmp surefire_04876837826889538086tmp"/>
    <property name="surefire.test.class.path" value="C:\Rakesh\Personal\Courses\Eclipse workspace\DataDrivenFramework\target\test-classes;C:\Rakesh\Personal\Courses\Eclipse workspace\DataDrivenFramework\target\classes;C:\Users\rakesh.kumar\.m2\repository\org\seleniumhq\selenium\selenium-java\2.53.1\selenium-java-2.53.1.jar;C:\Users\rakesh.kumar\.m2\repository\org\seleniumhq\selenium\selenium-chrome-driver\2.53.1\selenium-chrome-driver-2.53.1.jar;C:\Users\rakesh.kumar\.m2\repository\org\seleniumhq\selenium\selenium-remote-driver\2.53.1\selenium-remote-driver-2.53.1.jar;C:\Users\rakesh.kumar\.m2\repository\cglib\cglib-nodep\2.1_3\cglib-nodep-2.1_3.jar;C:\Users\rakesh.kumar\.m2\repository\com\google\code\gson\gson\2.3.1\gson-2.3.1.jar;C:\Users\rakesh.kumar\.m2\repository\org\seleniumhq\selenium\selenium-api\2.53.1\selenium-api-2.53.1.jar;C:\Users\rakesh.kumar\.m2\repository\org\apache\httpcomponents\httpclient\4.5.1\httpclient-4.5.1.jar;C:\Users\rakesh.kumar\.m2\repository\org\apache\httpcomponents\httpcore\4.4.3\httpcore-4.4.3.jar;C:\Users\rakesh.kumar\.m2\repository\org\seleniumhq\selenium\selenium-edge-driver\2.53.1\selenium-edge-driver-2.53.1.jar;C:\Users\rakesh.kumar\.m2\repository\commons-io\commons-io\2.4\commons-io-2.4.jar;C:\Users\rakesh.kumar\.m2\repository\org\apache\commons\commons-exec\1.3\commons-exec-1.3.jar;C:\Users\rakesh.kumar\.m2\repository\org\seleniumhq\selenium\htmlunit-driver\2.21\htmlunit-driver-2.21.jar;C:\Users\rakesh.kumar\.m2\repository\net\sourceforge\htmlunit\htmlunit\2.21\htmlunit-2.21.jar;C:\Users\rakesh.kumar\.m2\repository\xalan\xalan\2.7.2\xalan-2.7.2.jar;C:\Users\rakesh.kumar\.m2\repository\xalan\serializer\2.7.2\serializer-2.7.2.jar;C:\Users\rakesh.kumar\.m2\repository\org\apache\commons\commons-lang3\3.4\commons-lang3-3.4.jar;C:\Users\rakesh.kumar\.m2\repository\org\apache\httpcomponents\httpmime\4.5.2\httpmime-4.5.2.jar;C:\Users\rakesh.kumar\.m2\repository\commons-codec\commons-codec\1.10\commons-codec-1.10.jar;C:\Users\rakesh.kumar\.m2\repository\net\sourceforge\htmlunit\htmlunit-core-js\2.17\htmlunit-core-js-2.17.jar;C:\Users\rakesh.kumar\.m2\repository\net\sourceforge\htmlunit\neko-htmlunit\2.21\neko-htmlunit-2.21.jar;C:\Users\rakesh.kumar\.m2\repository\xerces\xercesImpl\2.11.0\xercesImpl-2.11.0.jar;C:\Users\rakesh.kumar\.m2\repository\xml-apis\xml-apis\1.4.01\xml-apis-1.4.01.jar;C:\Users\rakesh.kumar\.m2\repository\net\sourceforge\cssparser\cssparser\0.9.18\cssparser-0.9.18.jar;C:\Users\rakesh.kumar\.m2\repository\org\w3c\css\sac\1.3\sac-1.3.jar;C:\Users\rakesh.kumar\.m2\repository\org\eclipse\jetty\websocket\websocket-client\9.2.15.v20160210\websocket-client-9.2.15.v20160210.jar;C:\Users\rakesh.kumar\.m2\repository\org\eclipse\jetty\jetty-util\9.2.15.v20160210\jetty-util-9.2.15.v20160210.jar;C:\Users\rakesh.kumar\.m2\repository\org\eclipse\jetty\jetty-io\9.2.15.v20160210\jetty-io-9.2.15.v20160210.jar;C:\Users\rakesh.kumar\.m2\repository\org\eclipse\jetty\websocket\websocket-common\9.2.15.v20160210\websocket-common-9.2.15.v20160210.jar;C:\Users\rakesh.kumar\.m2\repository\org\eclipse\jetty\websocket\websocket-api\9.2.15.v20160210\websocket-api-9.2.15.v20160210.jar;C:\Users\rakesh.kumar\.m2\repository\commons-collections\commons-collections\3.2.2\commons-collections-3.2.2.jar;C:\Users\rakesh.kumar\.m2\repository\org\seleniumhq\selenium\selenium-firefox-driver\2.53.1\selenium-firefox-driver-2.53.1.jar;C:\Users\rakesh.kumar\.m2\repository\org\seleniumhq\selenium\selenium-ie-driver\2.53.1\selenium-ie-driver-2.53.1.jar;C:\Users\rakesh.kumar\.m2\repository\net\java\dev\jna\jna\4.1.0\jna-4.1.0.jar;C:\Users\rakesh.kumar\.m2\repository\net\java\dev\jna\jna-platform\4.1.0\jna-platform-4.1.0.jar;C:\Users\rakesh.kumar\.m2\repository\org\seleniumhq\selenium\selenium-safari-driver\2.53.1\selenium-safari-driver-2.53.1.jar;C:\Users\rakesh.kumar\.m2\repository\io\netty\netty\3.5.7.Final\netty-3.5.7.Final.jar;C:\Users\rakesh.kumar\.m2\repository\org\seleniumhq\selenium\selenium-support\2.53.1\selenium-support-2.53.1.jar;C:\Users\rakesh.kumar\.m2\repository\org\seleniumhq\selenium\selenium-leg-rc\2.53.1\selenium-leg-rc-2.53.1.jar;C:\Users\rakesh.kumar\.m2\repository\org\testng\testng\6.11\testng-6.11.jar;C:\Users\rakesh.kumar\.m2\repository\com\beust\jcommander\1.64\jcommander-1.64.jar;C:\Users\rakesh.kumar\.m2\repository\org\yaml\snakeyaml\1.17\snakeyaml-1.17.jar;C:\Users\rakesh.kumar\.m2\repository\com\relevantcodes\extentreports\2.41.2\extentreports-2.41.2.jar;C:\Users\rakesh.kumar\.m2\repository\org\jsoup\jsoup\1.8.3\jsoup-1.8.3.jar;C:\Users\rakesh.kumar\.m2\repository\org\xerial\sqlite-jdbc\3.8.11.1\sqlite-jdbc-3.8.11.1.jar;C:\Users\rakesh.kumar\.m2\repository\org\freemarker\freemarker\2.3.23\freemarker-2.3.23.jar;C:\Users\rakesh.kumar\.m2\repository\org\mongodb\mongodb-driver\3.0.4\mongodb-driver-3.0.4.jar;C:\Users\rakesh.kumar\.m2\repository\org\mongodb\bson\3.0.4\bson-3.0.4.jar;C:\Users\rakesh.kumar\.m2\repository\org\mongodb\mongodb-driver-core\3.0.4\mongodb-driver-core-3.0.4.jar;C:\Users\rakesh.kumar\.m2\repository\org\uncommons\reportng\1.1.4\reportng-1.1.4.jar;C:\Users\rakesh.kumar\.m2\repository\velocity\velocity\1.4\velocity-1.4.jar;C:\Users\rakesh.kumar\.m2\repository\velocity\velocity-dep\1.4\velocity-dep-1.4.jar;C:\Users\rakesh.kumar\.m2\repository\com\google\inject\guice\4.0\guice-4.0.jar;C:\Users\rakesh.kumar\.m2\repository\javax\inject\javax.inject\1\javax.inject-1.jar;C:\Users\rakesh.kumar\.m2\repository\aopalliance\aopalliance\1.0\aopalliance-1.0.jar;C:\Users\rakesh.kumar\.m2\repository\com\google\guava\guava\16.0.1\guava-16.0.1.jar;C:\Users\rakesh.kumar\.m2\repository\log4j\log4j\1.2.17\log4j-1.2.17.jar;C:\Users\rakesh.kumar\.m2\repository\javax\mail\mail\1.4.7\mail-1.4.7.jar;C:\Users\rakesh.kumar\.m2\repository\javax\activation\activation\1.1\activation-1.1.jar;C:\Users\rakesh.kumar\.m2\repository\mysql\mysql-connector-java\6.0.5\mysql-connector-java-6.0.5.jar;C:\Users\rakesh.kumar\.m2\repository\org\apache\poi\poi\3.6\poi-3.6.jar;C:\Users\rakesh.kumar\.m2\repository\commons-logging\commons-logging\1.1\commons-logging-1.1.jar;C:\Users\rakesh.kumar\.m2\repository\logkit\logkit\1.0.1\logkit-1.0.1.jar;C:\Users\rakesh.kumar\.m2\repository\avalon-framework\avalon-framework\4.1.3\avalon-framework-4.1.3.jar;C:\Users\rakesh.kumar\.m2\repository\javax\servlet\servlet-api\2.3\servlet-api-2.3.jar;C:\Users\rakesh.kumar\.m2\repository\org\apache\poi\poi-ooxml\3.6\poi-ooxml-3.6.jar;C:\Users\rakesh.kumar\.m2\repository\dom4j\dom4j\1.1\dom4j-1.1.jar;C:\Users\rakesh.kumar\.m2\repository\org\apache\xmlbeans\xmlbeans\2.3.0\xmlbeans-2.3.0.jar;C:\Users\rakesh.kumar\.m2\repository\stax\stax-api\1.0.1\stax-api-1.0.1.jar;C:\Users\rakesh.kumar\.m2\repository\org\apache\poi\poi-ooxml-schemas\3.6\poi-ooxml-schemas-3.6.jar;C:\Users\rakesh.kumar\.m2\repository\org\apache\geronimo\specs\geronimo-stax-api_1.0_spec\1.0\geronimo-stax-api_1.0_spec-1.0.jar;"/>
    <property name="sun.cpu.endian" value="little"/>
    <property name="user.home" value="C:\Users\rakesh.kumar"/>
    <property name="user.language" value="en"/>
    <property name="java.specification.vendor" value="Oracle Corporation"/>
    <property name="java.home" value="C:\Program Files\Java\jdk1.8.0_191\jre"/>
    <property name="basedir" value="C:\Rakesh\Personal\Courses\Eclipse workspace\DataDrivenFramework"/>
    <property name="file.separator" value="\"/>
    <property name="line.separator" value="&#10;"/>
    <property name="java.vm.specification.vendor" value="Oracle Corporation"/>
    <property name="java.specification.name" value="Java Platform API Specification"/>
    <property name="java.awt.graphicsenv" value="sun.awt.Win32GraphicsEnvironment"/>
    <property name="surefire.real.class.path" value="C:\Users\rakesh.kumar\AppData\Local\Temp\surefire7794843019589180820\surefirebooter1217570840381955233.jar"/>
    <property name="sun.boot.class.path" value="C:\Program Files\Java\jdk1.8.0_191\jre\lib\resources.jar;C:\Program Files\Java\jdk1.8.0_191\jre\lib\rt.jar;C:\Program Files\Java\jdk1.8.0_191\jre\lib\sunrsasign.jar;C:\Program Files\Java\jdk1.8.0_191\jre\lib\jsse.jar;C:\Program Files\Java\jdk1.8.0_191\jre\lib\jce.jar;C:\Program Files\Java\jdk1.8.0_191\jre\lib\charsets.jar;C:\Program Files\Java\jdk1.8.0_191\jre\lib\jfr.jar;C:\Program Files\Java\jdk1.8.0_191\jre\classes;C:\Program Files (x86)\HP\Unified Functional Testing\bin\java_shared\classes\jasmine.jar"/>
    <property name="user.script" value=""/>
    <property name="sun.management.compiler" value="HotSpot 64-Bit Tiered Compilers"/>
    <property name="java.runtime.version" value="1.8.0_191-b12"/>
    <property name="user.name" value="rakesh.kumar"/>
    <property name="path.separator" value=";"/>
    <property name="os.version" value="10.0"/>
    <property name="java.endorsed.dirs" value="C:\Program Files\Java\jdk1.8.0_191\jre\lib\endorsed"/>
    <property name="java.runtime.name" value="Java(TM) SE Runtime Environment"/>
    <property name="file.encoding" value="Cp1252"/>
    <property name="java.vm.name" value="Java HotSpot(TM) 64-Bit Server VM"/>
    <property name="localRepository" value="C:\Users\rakesh.kumar\.m2\repository"/>
    <property name="java.vendor.url.bug" value="http://bugreport.sun.com/bugreport/"/>
    <property name="java.io.tmpdir" value="C:\Users\RAKESH~1.KUM\AppData\Local\Temp\"/>
    <property name="java.version" value="1.8.0_191"/>
    <property name="user.dir" value="C:\Rakesh\Personal\Courses\Eclipse workspace\DataDrivenFramework"/>
    <property name="os.arch" value="amd64"/>
    <property name="java.vm.specification.name" value="Java Virtual Machine Specification"/>
    <property name="java.awt.printerjob" value="sun.awt.windows.WPrinterJob"/>
    <property name="sun.os.patch.level" value=""/>
    <property name="java.library.path" value="C:\Program Files\Java\jdk1.8.0_191\jre\bin;C:\WINDOWS\Sun\Java\bin;C:\WINDOWS\system32;C:\WINDOWS;C:/Program Files/Java/jre1.8.0_191/bin/server;C:/Program Files/Java/jre1.8.0_191/bin;C:/Program Files/Java/jre1.8.0_191/lib/amd64;C:\ProgramData\DockerDesktop\version-bin;C:\Program Files\Docker\Docker\Resources\bin;C:\Program Files (x86)\Common Files\Oracle\Java\javapath;C:\ProgramData\Oracle\Java\javapath;C:\Program Files (x86)\Intel\iCLS Client\;C:\Program Files\Intel\iCLS Client\;C:\WINDOWS\system32;C:\WINDOWS;C:\WINDOWS\System32\Wbem;C:\WINDOWS\System32\WindowsPowerShell\v1.0\;C:\Program Files (x86)\Intel\Intel(R) Management Engine Components\DAL;C:\Program Files\Intel\Intel(R) Management Engine Components\DAL;C:\Program Files (x86)\Intel\Intel(R) Management Engine Components\IPT;C:\Program Files\Intel\Intel(R) Management Engine Components\IPT;C:\Program Files\Intel\WiFi\bin\;C:\Program Files\Common Files\Intel\WirelessCommon\;C:\Program Files (x86)\Skype\Phone\;C:\Program Files (x86)\HP\Unified Functional Testing\bin;C:\Program Files\Git\cmd;C:\Program Files\nodejs\;C:\Program Files\Java\jdk-11.0.1\bin;C:\Program Files\apache-maven-3.6.0\bin;C:\Users\rakesh.kumar\AppData\Local\Microsoft\WindowsApps;C:\Users\rakesh.kumar\AppData\Local\GitHubDesktop\bin;C:\Users\rakesh.kumar\AppData\Local\atom\bin;C:\Users\rakesh.kumar\AppData\Roaming\npm;C:\Program Files\JetBrains\IntelliJ IDEA 2018.3.1\bin;;C:\Program Files\JetBrains\IntelliJ IDEA Community Edition 2018.3.1\bin;;C:\Rakesh\Applications\eclipse-jee-oxygen-3a-win32-x86_64\eclipse;;C:\Program Files (x86)\HP\Unified Functional Testing\\bin64;."/>
    <property name="java.vm.info" value="mixed mode"/>
    <property name="java.vendor" value="Oracle Corporation"/>
    <property name="java.vm.version" value="25.191-b12"/>
    <property name="java.ext.dirs" value="C:\Program Files\Java\jdk1.8.0_191\jre\lib\ext;C:\WINDOWS\Sun\Java\lib\ext"/>
    <property name="sun.io.unicode.encoding" value="UnicodeLittle"/>
    <property name="java.class.version" value="52.0"/>
  </properties>
  <testcase name="loginAsBankManager" classname="com.rakesh.testCases.BankManagerLoginTest" time="3.396">
    <failure message="Login not executed successfully" type="java.lang.AssertionError">java.lang.AssertionError: Login not executed successfully
	at com.rakesh.testCases.BankManagerLoginTest.loginAsBankManager(BankManagerLoginTest.java:26)
</failure>
    <system-err><![CDATA[log4j:WARN No appenders could be found for logger (devpinoyLogger).
log4j:WARN Please initialize the log4j system properly.
log4j:WARN See http://logging.apache.org/log4j/1.2/faq.html#noconfig for more info.
Starting ChromeDriver 73.0.3683.68 (47787ec04b6e38e22703e856e101e840b65afe72) on port 38439
Only local connections are allowed.
Please protect ports used by ChromeDriver and related test frameworks to prevent access by malicious code.
]]></system-err>
  </testcase>
  <testcase name="AddCustomer" classname="com.rakesh.testCases.AddCustomerTest" time="0.732"/>
</testsuite>