<?xml version="1.0" encoding="UTF-8"?>
<!-- Generated by org.testng.reporters.JUnitReportReporter -->
<testsuite skipped="0" hostname="RAKESHKUMAR" name="com.rakesh.testCases.LoginTest" tests="1" failures="0" timestamp="10 Apr 2019 20:26:05 GMT" time="3.098" errors="0">
  <testcase name="loginAsBankManager" time="3.098" classname="com.rakesh.testCases.LoginTest"/>
</testsuite> <!-- com.rakesh.testCases.LoginTest -->
