<?xml version="1.0" encoding="UTF-8"?>
<!-- Generated by org.testng.reporters.JUnitReportReporter -->
<testsuite skipped="0" hostname="RAKESHKUMAR" name="com.rakesh.testCases.AddCustomerTest" tests="1" failures="0" timestamp="21 Apr 2019 23:07:57 GMT" time="0.732" errors="0">
  <testcase name="AddCustomer" time="0.732" classname="com.rakesh.testCases.AddCustomerTest"/>
</testsuite> <!-- com.rakesh.testCases.AddCustomerTest -->
