<?xml version="1.0" encoding="UTF-8"?>
<!-- Generated by org.testng.reporters.JUnitReportReporter -->
<testsuite hostname="RAKESHKUMAR" failures="0" tests="4" name="com.rakesh.testCases.AddCustomerTest" time="8.124" errors="0" timestamp="28 Apr 2019 22:09:42 GMT" skipped="1">
  <testcase classname="com.rakesh.testCases.AddCustomerTest" name="addCustomerTest" time="2.497"/>
  <testcase classname="com.rakesh.testCases.AddCustomerTest" name="addCustomerTest" time="2.554"/>
  <testcase classname="com.rakesh.testCases.AddCustomerTest" name="addCustomerTest" time="3.072"/>
  <testcase classname="com.rakesh.testCases.AddCustomerTest" name="addCustomerTest" time="0.001">
    <skipped/>
  </testcase> <!-- addCustomerTest -->
</testsuite> <!-- com.rakesh.testCases.AddCustomerTest -->
