<?xml version="1.0" encoding="UTF-8"?>
<!-- Generated by org.testng.reporters.JUnitReportReporter -->
<testsuite skipped="1" hostname="RAKESHKUMAR" name="com.rakesh.testCases.AddCustomerTest" tests="4" failures="0" timestamp="30 Apr 2019 01:01:18 GMT" time="7.901" errors="0">
  <testcase name="addCustomerTest" time="0.001" classname="com.rakesh.testCases.AddCustomerTest">
    <skipped/>
  </testcase> <!-- addCustomerTest -->
  <testcase name="addCustomerTest" time="2.966" classname="com.rakesh.testCases.AddCustomerTest"/>
  <testcase name="addCustomerTest" time="2.426" classname="com.rakesh.testCases.AddCustomerTest"/>
  <testcase name="addCustomerTest" time="2.508" classname="com.rakesh.testCases.AddCustomerTest"/>
</testsuite> <!-- com.rakesh.testCases.AddCustomerTest -->
