<?xml version="1.0" encoding="UTF-8"?>
<!-- Generated by org.testng.reporters.JUnitReportReporter -->
<testsuite skipped="0" hostname="RAKESHKUMAR" name="com.rakesh.testCases.BankManagerLoginTest" tests="1" failures="0" timestamp="30 Apr 2019 01:01:18 GMT" time="3.120" errors="0">
  <testcase name="bankManagerLoginTest" time="3.120" classname="com.rakesh.testCases.BankManagerLoginTest"/>
</testsuite> <!-- com.rakesh.testCases.BankManagerLoginTest -->
