<?xml version="1.0" encoding="UTF-8"?>
<!-- Generated by org.testng.reporters.JUnitReportReporter -->
<testsuite hostname="RAKESHKUMAR" failures="0" tests="1" name="com.rakesh.testCases.BankManagerLoginTest" time="3.126" errors="0" timestamp="28 Apr 2019 22:09:42 GMT" skipped="0">
  <testcase classname="com.rakesh.testCases.BankManagerLoginTest" name="bankManagerLoginTest" time="3.126"/>
</testsuite> <!-- com.rakesh.testCases.BankManagerLoginTest -->
